<?xml version="1.0" encoding="UTF-8"?>
<testsuite name="CheckLeapYearAnimalImplTest" tests="3" skipped="0" failures="0" errors="0" timestamp="2024-04-10T14:20:04" hostname="ONIXNOTEBOOK" time="0.019">
  <properties/>
  <testcase name="CheckLeapYear()" classname="CheckLeapYearAnimalImplTest" time="0.016"/>
  <testcase name="CheckLeapYearNullException()" classname="CheckLeapYearAnimalImplTest" time="0.001"/>
  <testcase name="CheckNonLeapYear()" classname="CheckLeapYearAnimalImplTest" time="0.001"/>
  <system-out><![CDATA[]]></system-out>
  <system-err><![CDATA[]]></system-err>
</testsuite>
